<?xml version="1.0" encoding="UTF-8" standalone="yes"?><!DOCTYPE report PUBLIC "-//JACOCO//DTD Report 1.1//EN" "report.dtd"><report name="calculadora_PU"><sessioninfo id="LAPTOP-7IQ2GP10-75a1127a" start="1713302161484" dump="1713302162006"/><sessioninfo id="LAPTOP-7IQ2GP10-4352fd43" start="1713302224486" dump="1713302225052"/><sessioninfo id="LAPTOP-7IQ2GP10-75cc5db0" start="1713303056512" dump="1713303056956"/><sessioninfo id="LAPTOP-7IQ2GP10-5aacf320" start="1713303086127" dump="1713303086618"/><sessioninfo id="LAPTOP-7IQ2GP10-63e04cd" start="1713303101274" dump="1713303101728"/><sessioninfo id="LAPTOP-7IQ2GP10-dbe30d12" start="1713303156987" dump="1713303157453"/><sessioninfo id="LAPTOP-7IQ2GP10-d6ba49a7" start="1713303542217" dump="1713303542712"/><sessioninfo id="LAPTOP-7IQ2GP10-8ba368da" start="1713303575030" dump="1713303575525"/><sessioninfo id="LAPTOP-7IQ2GP10-76b8e30a" start="1713303643097" dump="1713303643655"/><sessioninfo id="LAPTOP-7IQ2GP10-1d419a62" start="1713304006521" dump="1713304007061"/><sessioninfo id="LAPTOP-7IQ2GP10-bb3ce82d" start="1713307873038" dump="1713307873440"/><sessioninfo id="LAPTOP-7IQ2GP10-3ee19e20" start="1713307899634" dump="1713307900038"/><sessioninfo id="LAPTOP-7IQ2GP10-60a222bc" start="1713307954062" dump="1713307954524"/><package name="com/calculator/proyect/calculadora_PU"><class name="com/calculator/proyect/calculadora_PU/Main" sourcefilename="Main.java"><method name="&lt;init&gt;" desc="()V" line="8"><counter type="INSTRUCTION" missed="0" covered="3"/><counter type="LINE" missed="0" covered="1"/><counter type="COMPLEXITY" missed="0" covered="1"/><counter type="METHOD" missed="0" covered="1"/></method><method name="main" desc="([Ljava/lang/String;)V" line="11"><counter type="INSTRUCTION" missed="33" covered="0"/><counter type="LINE" missed="8" covered="0"/><counter type="COMPLEXITY" missed="1" covered="0"/><counter type="METHOD" missed="1" covered="0"/></method><method name="calcular" desc="(Ljava/lang/String;DD)D" line="22"><counter type="INSTRUCTION" missed="3" covered="149"/><counter type="BRANCH" missed="1" covered="6"/><counter type="LINE" missed="1" covered="26"/><counter type="COMPLEXITY" missed="1" covered="5"/><counter type="METHOD" missed="0" covered="1"/></method><counter type="INSTRUCTION" missed="36" covered="152"/><counter type="BRANCH" missed="1" covered="6"/><counter type="LINE" missed="9" covered="27"/><counter type="COMPLEXITY" missed="2" covered="6"/><counter type="METHOD" missed="1" covered="2"/><counter type="CLASS" missed="0" covered="1"/></class><sourcefile name="Main.java"><line nr="8" mi="0" ci="3" mb="0" cb="0"/><line nr="11" mi="2" ci="0" mb="0" cb="0"/><line nr="12" mi="2" ci="0" mb="0" cb="0"/><line nr="14" mi="4" ci="0" mb="0" cb="0"/><line nr="15" mi="6" ci="0" mb="0" cb="0"/><line nr="16" mi="6" ci="0" mb="0" cb="0"/><line nr="17" mi="6" ci="0" mb="0" cb="0"/><line nr="18" mi="6" ci="0" mb="0" cb="0"/><line nr="19" mi="1" ci="0" mb="0" cb="0"/><line nr="22" mi="0" ci="2" mb="0" cb="0"/><line nr="24" mi="0" ci="5" mb="1" cb="4"/><line nr="26" mi="0" ci="9" mb="0" cb="0"/><line nr="27" mi="0" ci="9" mb="0" cb="0"/><line nr="28" mi="0" ci="4" mb="0" cb="0"/><line nr="29" mi="0" ci="9" mb="0" cb="0"/><line nr="30" mi="0" ci="1" mb="0" cb="0"/><line nr="32" mi="0" ci="9" mb="0" cb="0"/><line nr="33" mi="0" ci="9" mb="0" cb="0"/><line nr="34" mi="0" ci="4" mb="0" cb="0"/><line nr="35" mi="0" ci="9" mb="0" cb="0"/><line nr="36" mi="0" ci="1" mb="0" cb="0"/><line nr="38" mi="0" ci="9" mb="0" cb="0"/><line nr="39" mi="0" ci="9" mb="0" cb="0"/><line nr="40" mi="0" ci="4" mb="0" cb="0"/><line nr="41" mi="0" ci="9" mb="0" cb="0"/><line nr="42" mi="0" ci="1" mb="0" cb="0"/><line nr="44" mi="0" ci="9" mb="0" cb="0"/><line nr="45" mi="0" ci="9" mb="0" cb="0"/><line nr="46" mi="0" ci="4" mb="0" cb="2"/><line nr="47" mi="0" ci="4" mb="0" cb="0"/><line nr="48" mi="0" ci="9" mb="0" cb="0"/><line nr="49" mi="0" ci="1" mb="0" cb="0"/><line nr="50" mi="0" ci="3" mb="0" cb="0"/><line nr="51" mi="0" ci="5" mb="0" cb="0"/><line nr="55" mi="3" ci="0" mb="0" cb="0"/><line nr="58" mi="0" ci="2" mb="0" cb="0"/><counter type="INSTRUCTION" missed="36" covered="152"/><counter type="BRANCH" missed="1" covered="6"/><counter type="LINE" missed="9" covered="27"/><counter type="COMPLEXITY" missed="2" covered="6"/><counter type="METHOD" missed="1" covered="2"/><counter type="CLASS" missed="0" covered="1"/></sourcefile><counter type="INSTRUCTION" missed="36" covered="152"/><counter type="BRANCH" missed="1" covered="6"/><counter type="LINE" missed="9" covered="27"/><counter type="COMPLEXITY" missed="2" covered="6"/><counter type="METHOD" missed="1" covered="2"/><counter type="CLASS" missed="0" covered="1"/></package><counter type="INSTRUCTION" missed="36" covered="152"/><counter type="BRANCH" missed="1" covered="6"/><counter type="LINE" missed="9" covered="27"/><counter type="COMPLEXITY" missed="2" covered="6"/><counter type="METHOD" missed="1" covered="2"/><counter type="CLASS" missed="0" covered="1"/></report>