<?xml version="1.0" encoding="UTF-8"?>
<testsuite xmlns:xsi="http://www.w3.org/2001/XMLSchema-instance" xsi:noNamespaceSchemaLocation="https://maven.apache.org/surefire/maven-surefire-plugin/xsd/surefire-test-report-3.0.xsd" version="3.0" name="com.calculator.proyect.calculadora_PU.MainTest" time="0.074" tests="5" errors="0" skipped="0" failures="0">
  <properties>
[...]
</properties>
  <testcase name="testSumar" classname="com.calculator.proyect.calculadora_PU.MainTest" time="0.01">
    <system-out><![CDATA[El primer numero es: 5.0
El segundo numero es: 3.0
El resultado es: 8.0
]]></system-out>
  </testcase>
  <testcase name="testMultiplicar" classname="com.calculator.proyect.calculadora_PU.MainTest" time="0.002">
    <system-out><![CDATA[El primer numero es: 5.0
El segundo numero es: 3.0
El resultado es: 15.0
]]></system-out>
  </testcase>
  <testcase name="testDividirPorCero" classname="com.calculator.proyect.calculadora_PU.MainTest" time="0.002">
    <system-out><![CDATA[El primer numero es: 5.0
El segundo numero es: 0.0
Error: No se puede dividir por cero
]]></system-out>
  </testcase>
  <testcase name="testDividir" classname="com.calculator.proyect.calculadora_PU.MainTest" time="0.002">
    <system-out><![CDATA[El primer numero es: 5.0
El segundo numero es: 3.0
El resultado es: 1.6666666666666667
]]></system-out>
  </testcase>
  <testcase name="testRestar" classname="com.calculator.proyect.calculadora_PU.MainTest" time="0.001">
    <system-out><![CDATA[El primer numero es: 5.0
El segundo numero es: 3.0
El resultado es: 2.0
]]></system-out>
  </testcase>
</testsuite>